1695524990148:findAllBooks
1695525014466:find-all-books
1695525076611:help
1695525091392:stacktrace
1695525464747:find-all-books
1695525483086:save-book
1695525510129:save-book abc wolber 2023
1695525519152:find-all-books
1731792472110:help
1731792497535:save-book "The Idiot" "Dostoyevsky" 1923
1731792515125:find-all-books
1732647984358:save-essay "Andrew" "Essay1" "feedback1" "1"
1732648002237:find-all-essays
1732745046454:save-essay "John Doe" "This is the essay text." "Great job overall, but work on transitions." "12345" "Excellent" "Strong opening" "Needs improvement" "Well-rounded conclusion" "Logical flow" "Great effort overall" 8 5 9 7 10
1732752394631:find-all-essays
1732753582120:save-essay "John Doe" "This is the essay text." "Great job overall, but work on transitions." "12345" "Excellent" "Strong opening" "Needs improvement" "Well-rounded conclusion" "Logical flow" "Great effort overall" 8 5 9 7 10
1732757115932:find-all-essays
1732757267614:save-essay "Jane Smith" "This is a sample essay written by Jane." "Well-written, but could use more detail in the conclusion." "67890" "Very Good" "Engaging introduction" "Smooth transitions" "A bit rushed" "Organized structure" "Strong overall effort" 9 8 6 8 9
1732757273026:find-all-essays
1732764234872:save-essay "Jane Smith" "This is a sample essay written by Jane." "Well-written, but could use more detail in the conclusion." "67890" "Very Good" "Engaging introduction" "Smooth transitions" "A bit rushed" "Organized structure" "Strong overall effort" 9 8 6 8 9
1732765962011:save-essay "John Doe" "This is an example essay written by John." "Great analysis, but lacks citations for key points." "12345" "Excellent" "Compelling arguments" "Clear and concise" "Lacks supporting evidence" "Logical progression of ideas" "Impressive critical thinking" 10 9 5 9 10
1732765968159:find-all-essays
